GPT结果中的API数量: 139
Top 500中的API数量: 500

所有GPT结果中的API都存在于Top 500中

Top 500中有但GPT结果中没有的API (361个):
  - Add._edit
  - Add._length
  - Anime._anime
  - BadFileObj
  - Box.Box
  - CaseInsensitiveDict
  - Center.BadAlignment
  - Center.XCenter
  - Center._xspaces
  - Center._yspaces
  - Colorate.Color
  - Colors.StaticMIX
  - Cookies.append
  - Cursor.HideCursor
  - Cursor.ShowCursor
  - Cursor._cursor
  - CustomMapping
  - DATA_BLOB
  - DummyAuth
  - GamingZip.append
  - GatherAll
  - GetBadge
  - GetBilling
  - GetConsoleCursorInfo
  - GetData
  - GetStdHandle
  - GetTokenInfo
  - GetUHQFriends
  - HTTPAdapter
  - InvalidServerReply
  - InvalidServerVersion
  - Kiwi
  - KiwiFolder
  - LoadRequests
  - LoadUrlib
  - LocalFree
  - LoginAuthenticationFailed
  - MyCookiePolicy
  - NoAcceptableAuthMethods
  - NoResolver
  - OSError
  - OtherZip.append
  - POINTER
  - Passw.append
  - Path
  - PreparedRequest
  - Proxy.create
  - ProxyError
  - ProxyType
  - Reformat
  - Request
  - Retry
  - SOCKS4_ERRORS.get
  - SOCKS5_ERRORS.get
  - SendCall
  - SetConsoleCursorInfo
  - Socks4SocketWrapper
  - Socks5SocketWrapper
  - SocksConnectionError
  - SocksError
  - StringIO.StringIO
  - System.Clear
  - System.Init
  - TestStream
  - ThCokk.append
  - Threadlist.append
  - Trust
  - TypeError
  - URL
  - UnknownAuthMethod
  - Urllib3Timeout
  - ValueError
  - WalletsZip.append
  - Write._write
  - _CursorInfo
  - _MakeColors._end
  - _MakeColors._getspaces
  - _MakeColors._makeansi
  - _MakeColors._makerainbow
  - _MakeColors._makergbcol
  - _MakeColors._maketext
  - _MakeColors._mixcolors
  - _MakeColors._reverse
  - _MakeColors._rmansi
  - _MakeColors._start
  - _____
  - _______
  - ________
  - _________
  - __________
  - ___________________
  - __init__
  - _basic_auth_str
  - _colors.append
  - _is_proactor
  - _is_uvloop
  - _sleep
  - _stdout.flush
  - _stdout.write
  - _terminal_size
  - a.start
  - abspath
  - align.upper
  - all
  - all_colors.append
  - any
  - append
  - assembly.splitlines
  - assert_called_once_with
  - banner1.splitlines
  - banner2.splitlines
  - basename
  - bool
  - byref
  - byte_str.decode
  - bytearray
  - bytes
  - c.upper
  - c_buffer
  - car.strip
  - carac.reverse
  - choice
  - chr
  - cid.copy
  - cid.get
  - cid.items
  - cid.lower_items
  - cid.setdefault
  - close
  - cls
  - col.append
  - col.replace
  - col.split
  - collections.OrderedDict
  - collections.namedtuple
  - color.append
  - color.pop
  - colors.append
  - colors.index
  - conn.close
  - content.replace
  - content.splitlines
  - contextlib.closing
  - cookiWords.append
  - cookiejar_from_dict
  - cookielib.CookieJar
  - copyright.__str__
  - create_socket_wrapper
  - cursor.close
  - cursor.fetchall
  - data.append
  - data.encode
  - datetime
  - decode
  - default_hooks
  - dict
  - dirname
  - dynamic_colors.append
  - e.remove
  - exception
  - exists
  - f.close
  - ffound.append
  - fifound.append
  - file.endswith
  - final.append
  - find_packages
  - float
  - format
  - frozenset
  - func
  - get
  - get_policy
  - getaddrinfo
  - getattr
  - getpass.getuser
  - getproxies
  - globalInfo
  - globals
  - hasattr
  - hex.__str__
  - host.encode
  - httpbin
  - httpbin_secure
  - ina
  - input
  - install.run
  - int
  - io.BytesIO
  - io.close
  - isfile
  - isinstance
  - items
  - iter
  - j.get
  - jar.copy
  - jar.get
  - jar.items
  - jar.iteritems
  - jar.keys
  - jar.set_policy
  - jar.values
  - join
  - json
  - json.dumps
  - keys
  - len
  - lin.rstrip
  - lin.strip
  - line.strip
  - list
  - loads
  - logging.getLogger
  - lower
  - main
  - map
  - max
  - method.lower
  - min
  - mocker.Mock
  - mode
  - morsel_to_cookie
  - ncolor.append
  - next
  - normalize_percent_encode
  - ntpath.abspath
  - ntpath.exists
  - ntpath.join
  - object
  - oct.__str__
  - ord
  - org_build_response
  - os.getcwd
  - os.getenv
  - override_environ
  - p.copy
  - p.prepare
  - parametrize
  - parse_proxy_url
  - paswWords.append
  - path.split
  - paths.append
  - paths.items
  - post1.json
  - post2.json
  - prep.prepare
  - prepare
  - print
  - proc.name
  - pytest.fail
  - pytest.raises
  - pytest.warns
  - r.iter_content
  - r.iter_lines
  - r.json
  - r.prepare
  - r.raise_for_status
  - rainbow.append
  - raise_from_response
  - random.SystemRandom
  - range
  - re.compile
  - re.findall
  - re.match
  - read
  - read_
  - readlines
  - reason.encode
  - replace
  - repr
  - req.append
  - req.prepare
  - requests.Request
  - requests.Response
  - requests.session
  - resp.close
  - result.rstrip
  - result.strip
  - reversed
  - rewind_body
  - rgb.append
  - round
  - rstrip
  - s.get
  - s.get_adapter
  - s.merge_environment_settings
  - s.mount
  - s.prepare_request
  - s.resolve_redirects
  - s.send
  - s.should_strip_auth
  - s2.mount
  - self._build_dest_address
  - self._build_raw
  - self._read_binded_address
  - self._resolve_addr
  - self._socks_auth
  - self._socks_connect
  - self.assertEqual
  - self.assertRaises
  - self.build_response
  - self.close
  - self.fetch_conf
  - self.get_master_key
  - self.negotiate
  - sent_headers.get
  - ses.prepare_request
  - ses.resolve_redirects
  - session.close
  - session.get
  - session.get_adapter
  - session.rebuild_proxies
  - set
  - setattr
  - setblocking
  - setup
  - setuptools.find_packages
  - setuptools.setup
  - sock_connect
  - sock_sendall
  - socket.gethostname
  - socket.inet_ntoa
  - spaces.join
  - split
  - splitext
  - sqlite3.connect
  - start
  - startswith
  - str
  - strip
  - struct.pack
  - struct.unpack
  - subproc
  - sum
  - super
  - t.join
  - temp.split
  - text.lstrip
  - text.splitlines
  - th.start
  - thread.join
  - thttht.append
  - time.sleep
  - tmp.split
  - token.split
  - tuple
  - type
  - u
  - unquote
  - update
  - upload
  - url.lower
  - urlencode
  - urlparse
  - v.strip
  - valid_headers.keys
  - warnings.simplefilter
  - wikith.append
  - write
  - x.replace
  - x.strip

共同API数量: 139
